c:\users\michel albrecht\desktop\final project visual studio c++\jamming\jamming\x64\debug\vc143.pdb
c:\users\michel albrecht\desktop\final project visual studio c++\jamming\jamming\x64\debug\vc143.idb
c:\users\michel albrecht\desktop\final project visual studio c++\jamming\jamming\x64\debug\qrc_jamming.obj
c:\users\michel albrecht\desktop\final project visual studio c++\jamming\jamming\x64\debug\jamming.obj
c:\users\michel albrecht\desktop\final project visual studio c++\jamming\jamming\x64\debug\main.obj
c:\users\michel albrecht\desktop\final project visual studio c++\jamming\jamming\x64\debug\moc_jamming.obj
c:\users\michel albrecht\desktop\final project visual studio c++\jamming\jamming\x64\debug\qt\uic\ui_jamming.h
c:\users\michel albrecht\desktop\final project visual studio c++\jamming\jamming\x64\debug\qt\rcc\qrc_jamming.cpp
c:\users\michel albrecht\desktop\final project visual studio c++\jamming\jamming\x64\debug\qt\moc\moc_jamming.cpp
c:\users\michel albrecht\desktop\final project visual studio c++\jamming\x64\debug\jamming.exe
c:\users\michel albrecht\desktop\final project visual studio c++\jamming\x64\debug\jamming.pdb
c:\users\michel albrecht\desktop\final project visual studio c++\jamming\jamming\x64\debug\jamming.ilk
c:\users\michel albrecht\desktop\final project visual studio c++\jamming\jamming\x64\debug\jamming.tlog\cl.command.1.tlog
c:\users\michel albrecht\desktop\final project visual studio c++\jamming\jamming\x64\debug\jamming.tlog\cl.items.tlog
c:\users\michel albrecht\desktop\final project visual studio c++\jamming\jamming\x64\debug\jamming.tlog\cl.read.1.tlog
c:\users\michel albrecht\desktop\final project visual studio c++\jamming\jamming\x64\debug\jamming.tlog\cl.write.1.tlog
c:\users\michel albrecht\desktop\final project visual studio c++\jamming\jamming\x64\debug\jamming.tlog\jamming.write.1u.tlog
c:\users\michel albrecht\desktop\final project visual studio c++\jamming\jamming\x64\debug\jamming.tlog\link.command.1.tlog
c:\users\michel albrecht\desktop\final project visual studio c++\jamming\jamming\x64\debug\jamming.tlog\link.read.1.tlog
c:\users\michel albrecht\desktop\final project visual studio c++\jamming\jamming\x64\debug\jamming.tlog\link.secondary.1.tlog
c:\users\michel albrecht\desktop\final project visual studio c++\jamming\jamming\x64\debug\jamming.tlog\link.write.1.tlog
c:\users\michel albrecht\desktop\final project visual studio c++\jamming\jamming\x64\debug\jamming.tlog\moc.read.1u.tlog
c:\users\michel albrecht\desktop\final project visual studio c++\jamming\jamming\x64\debug\jamming.tlog\moc.write.1u.tlog
c:\users\michel albrecht\desktop\final project visual studio c++\jamming\jamming\x64\debug\jamming.tlog\rcc.read.1u.tlog
c:\users\michel albrecht\desktop\final project visual studio c++\jamming\jamming\x64\debug\jamming.tlog\rcc.write.1u.tlog
c:\users\michel albrecht\desktop\final project visual studio c++\jamming\jamming\x64\debug\jamming.tlog\uic.read.1u.tlog
c:\users\michel albrecht\desktop\final project visual studio c++\jamming\jamming\x64\debug\jamming.tlog\uic.write.1u.tlog
