c:\users\michel albrecht\desktop\final project visual studio c++\jamming\jamming\x64\release\vc143.pdb
c:\users\michel albrecht\desktop\final project visual studio c++\jamming\jamming\x64\release\qrc_jamming.obj
c:\users\michel albrecht\desktop\final project visual studio c++\jamming\jamming\x64\release\jamming.obj
c:\users\michel albrecht\desktop\final project visual studio c++\jamming\jamming\x64\release\main.obj
c:\users\michel albrecht\desktop\final project visual studio c++\jamming\jamming\x64\release\moc_jamming.obj
c:\users\michel albrecht\desktop\final project visual studio c++\jamming\jamming\x64\release\qt\uic\ui_jamming.h
c:\users\michel albrecht\desktop\final project visual studio c++\jamming\jamming\x64\release\qt\rcc\qrc_jamming.cpp
c:\users\michel albrecht\desktop\final project visual studio c++\jamming\jamming\x64\release\qt\moc\moc_jamming.cpp
c:\users\michel albrecht\desktop\final project visual studio c++\jamming\x64\release\jamming.exe
c:\users\michel albrecht\desktop\final project visual studio c++\jamming\jamming\x64\release\jamming.ipdb
c:\users\michel albrecht\desktop\final project visual studio c++\jamming\jamming\x64\release\jamming.iobj
c:\users\michel albrecht\desktop\final project visual studio c++\jamming\jamming\x64\release\jamming.tlog\cl.command.1.tlog
c:\users\michel albrecht\desktop\final project visual studio c++\jamming\jamming\x64\release\jamming.tlog\cl.items.tlog
c:\users\michel albrecht\desktop\final project visual studio c++\jamming\jamming\x64\release\jamming.tlog\cl.read.1.tlog
c:\users\michel albrecht\desktop\final project visual studio c++\jamming\jamming\x64\release\jamming.tlog\cl.write.1.tlog
c:\users\michel albrecht\desktop\final project visual studio c++\jamming\jamming\x64\release\jamming.tlog\jamming.write.1u.tlog
c:\users\michel albrecht\desktop\final project visual studio c++\jamming\jamming\x64\release\jamming.tlog\link.command.1.tlog
c:\users\michel albrecht\desktop\final project visual studio c++\jamming\jamming\x64\release\jamming.tlog\link.read.1.tlog
c:\users\michel albrecht\desktop\final project visual studio c++\jamming\jamming\x64\release\jamming.tlog\link.secondary.1.tlog
c:\users\michel albrecht\desktop\final project visual studio c++\jamming\jamming\x64\release\jamming.tlog\link.write.1.tlog
c:\users\michel albrecht\desktop\final project visual studio c++\jamming\jamming\x64\release\jamming.tlog\moc.read.1u.tlog
c:\users\michel albrecht\desktop\final project visual studio c++\jamming\jamming\x64\release\jamming.tlog\moc.write.1u.tlog
c:\users\michel albrecht\desktop\final project visual studio c++\jamming\jamming\x64\release\jamming.tlog\rcc.read.1u.tlog
c:\users\michel albrecht\desktop\final project visual studio c++\jamming\jamming\x64\release\jamming.tlog\rcc.write.1u.tlog
c:\users\michel albrecht\desktop\final project visual studio c++\jamming\jamming\x64\release\jamming.tlog\uic.read.1u.tlog
c:\users\michel albrecht\desktop\final project visual studio c++\jamming\jamming\x64\release\jamming.tlog\uic.write.1u.tlog
